
> agnes-creator@0.1.0 dev
> next dev -p 3000

   ▲ Next.js 15.5.19
   - Local:        http://localhost:3000
   - Network:      http://172.18.0.1:3000
   - Environments: .env.local

 ✓ Starting...
 ✓ Ready in 11.2s
 ○ Compiling /pipeline ...
 ✓ Compiled /pipeline in 23.7s (1304 modules)
 GET /pipeline 200 in 26162ms
 ✓ Compiled in 2.4s (549 modules)
 ✓ Compiled in 196ms (535 modules)
 GET /pipeline 200 in 343ms
 ○ Compiling /generate-image ...
 ✓ Compiled /generate-image in 3s (1323 modules)
 GET /generate-image 200 in 4280ms
 ○ Compiling /story-studio ...
 ✓ Compiled /story-studio in 2.2s (1338 modules)
 GET /story-studio 200 in 2491ms
 ○ Compiling /projects/[id] ...
 ✓ Compiled /projects/[id] in 4.1s (1353 modules)
 GET /projects/proj-1781450381897-1-5rzm77 200 in 6335ms
 ○ Compiling /storyboard/[id] ...
 ✓ Compiled /storyboard/[id] in 2.2s (1364 modules)
 GET /storyboard/proj-1781450381897-1-5rzm77 200 in 5251ms
 GET /storyboard/proj-1781450381897-1-5rzm77 200 in 213ms
 GET /projects/proj-1781450381897-1-5rzm77 200 in 324ms
 ○ Compiling /projects ...
 ✓ Compiled /projects in 6.4s (1415 modules)
 GET /projects 200 in 6864ms
 GET /pipeline 200 in 632ms
 GET /projects 200 in 291ms
 GET /projects 200 in 59ms
 GET /projects/proj-1781324376011-2-xvxto0 200 in 123ms
 GET /projects 200 in 87ms
 GET /projects 200 in 896ms
 GET /projects/proj-1781324376011-2-xvxto0 200 in 108ms
 GET /pipeline 200 in 66ms
 ○ Compiling /api/pipeline/download-image ...
 ✓ Compiled /api/pipeline/download-image in 5.6s (1417 modules)
[Pipeline Proxy] shot=1702-0-0 开始下载图片 URL: 105 chars, domain=platform-outputs.agnes-ai.space, proto=https:, hasQuery=false
 GET /pipeline 200 in 962ms
 GET /pipeline 200 in 965ms
[Pipeline Proxy] shot=1702-0-0 响应: status=200 OK, content-type=image/png, content-length=1913892, 耗时=3734ms
[Pipeline Proxy] shot=1702-0-0 下载成功: 1869.0 KB, 耗时=10637ms
 POST /api/pipeline/download-image 200 in 16744ms
[Pipeline Proxy] shot=1702-0-0 开始下载图片 URL: 105 chars, domain=platform-outputs.agnes-ai.space, proto=https:, hasQuery=false
[Pipeline Proxy] shot=1702-0-0 响应: status=200 OK, content-type=image/png, content-length=1913892, 耗时=2233ms
[Pipeline Proxy] shot=1702-0-0 下载成功: 1869.0 KB, 耗时=7108ms
 POST /api/pipeline/download-image 200 in 7209ms
