
> agnes-creator@0.1.0 dev
> next dev -p 3003

   ▲ Next.js 15.5.19
   - Local:        http://localhost:3003
   - Network:      http://169.254.165.140:3003
   - Environments: .env.local

 ✓ Starting...
 ✓ Ready in 8.9s
 ○ Compiling /projects ...
 ✓ Compiled /projects in 11.4s (1242 modules)
 GET /projects 200 in 14342ms
 ✓ Compiled in 3s (518 modules)
 ✓ Compiled in 248ms (504 modules)
 ○ Compiling /pipeline ...
 ✓ Compiled /pipeline in 3.3s (1329 modules)
 GET /pipeline 200 in 4561ms
 GET /pipeline 200 in 484ms
 GET /pipeline 200 in 479ms
 GET /pipeline 200 in 381ms
 GET /pipeline 200 in 428ms
 GET /projects 200 in 407ms
 GET /projects 200 in 351ms
 GET /projects 200 in 439ms
 GET /pipeline 200 in 409ms
 GET /projects 200 in 304ms
 GET /pipeline 200 in 375ms
 GET /pipeline 200 in 327ms
 GET /pipeline 200 in 659ms
 GET /pipeline 200 in 318ms
 GET /pipeline 200 in 430ms
 ✓ Compiled in 3s (1343 modules)
 GET /pipeline 200 in 2578ms
 ✓ Compiled in 2.2s (1343 modules)
 GET /pipeline 200 in 274ms
 ✓ Compiled in 571ms (1329 modules)
 GET /pipeline 200 in 1222ms
 GET /pipeline 200 in 362ms
 ○ Compiling / ...
 ✓ Compiled / in 3.9s (1352 modules)
 GET / 200 in 4896ms
 GET /pipeline 200 in 2188ms
 ✓ Compiled in 2.3s (570 modules)
 GET / 200 in 839ms
 GET /pipeline 200 in 217ms
 GET / 200 in 521ms
 GET / 200 in 294ms
 GET / 200 in 411ms
 GET / 200 in 521ms
 GET / 200 in 215ms
 GET / 200 in 507ms
 GET / 200 in 311ms
 GET / 200 in 528ms
 GET /pipeline 200 in 738ms
 GET /pipeline 200 in 494ms
[?25h
