
> agnes-creator@0.1.0 dev
> next dev

 ⚠ Port 3000 is in use by process 25040, using available port 3004 instead.
   ▲ Next.js 15.5.19
   - Local:        http://localhost:3004
   - Network:      http://172.18.0.1:3004
   - Environments: .env.local

 ✓ Starting...
 ✓ Ready in 7.8s
 ○ Compiling /pipeline ...
 ✓ Compiled /pipeline in 15.9s (1238 modules)
 GET /pipeline 200 in 17641ms
 ✓ Compiled in 2.3s (516 modules)
 ✓ Compiled in 227ms (502 modules)
 GET /pipeline 200 in 222ms
 GET /pipeline 200 in 346ms
 ○ Compiling /settings ...
 ✓ Compiled /settings in 6.5s (1419 modules)
 GET / 200 in 9752ms
 GET /prompts 200 in 9757ms
 GET /characters 200 in 9765ms
 GET /storyboard 200 in 9784ms
 GET /assets 200 in 9789ms
 GET /editor 200 in 9796ms
 GET /story-studio 200 in 9802ms
 GET /settings 200 in 9811ms
 GET /projects 200 in 9830ms
