 ⨯ ./src/components/generation/TaskCard.tsx
Error:   [31mx[0m Expected a semicolon
    ,-[[36;1;4mC:\Users\Lenovo\Documents\Agnes-request\agnes-creator\src\components\generation\TaskCard.tsx[0m:44:1]
 [2m41[0m |       className: "bg-green-100 text-green-700 dark:bg-green-900 dark:text-green-300",
 [2m42[0m |       icon: CheckCircle2,
 [2m43[0m |     },
 [2m44[0m |     "use client";
    : [35;1m                ^[0m
 [2m45[0m | 
 [2m46[0m | import { useState, useEffect } from "react";
 [2m46[0m | import { Button } from "@/components/ui/button";
    `----
  [31mx[0m Expected ',', got ';'
    ,-[[36;1;4mC:\Users\Lenovo\Documents\Agnes-request\agnes-creator\src\components\generation\TaskCard.tsx[0m:44:1]
 [2m41[0m |       className: "bg-green-100 text-green-700 dark:bg-green-900 dark:text-green-300",
 [2m42[0m |       icon: CheckCircle2,
 [2m43[0m |     },
 [2m44[0m |     "use client";
    : [35;1m                ^[0m
 [2m45[0m | 
 [2m46[0m | import { useState, useEffect } from "react";
 [2m46[0m | import { Button } from "@/components/ui/button";
    `----

Caused by:
    Syntax Error

Import trace for requested module:
./src/components/generation/TaskCard.tsx
./src/app/image-to-video/page.tsx
 ⨯ ./src/components/generation/TaskCard.tsx
Error:   [31mx[0m Expected a semicolon
    ,-[[36;1;4mC:\Users\Lenovo\Documents\Agnes-request\agnes-creator\src\components\generation\TaskCard.tsx[0m:44:1]
 [2m41[0m |       className: "bg-green-100 text-green-700 dark:bg-green-900 dark:text-green-300",
 [2m42[0m |       icon: CheckCircle2,
 [2m43[0m |     },
 [2m44[0m |     "use client";
    : [35;1m                ^[0m
 [2m45[0m | 
 [2m46[0m | import { useState, useEffect } from "react";
 [2m46[0m | import { Button } from "@/components/ui/button";
    `----
  [31mx[0m Expected ',', got ';'
    ,-[[36;1;4mC:\Users\Lenovo\Documents\Agnes-request\agnes-creator\src\components\generation\TaskCard.tsx[0m:44:1]
 [2m41[0m |       className: "bg-green-100 text-green-700 dark:bg-green-900 dark:text-green-300",
 [2m42[0m |       icon: CheckCircle2,
 [2m43[0m |     },
 [2m44[0m |     "use client";
    : [35;1m                ^[0m
 [2m45[0m | 
 [2m46[0m | import { useState, useEffect } from "react";
 [2m46[0m | import { Button } from "@/components/ui/button";
    `----

Caused by:
    Syntax Error

Import trace for requested module:
./src/components/generation/TaskCard.tsx
./src/app/image-to-video/page.tsx
