   ▲ Next.js 15.5.19
   - Local:        http://localhost:4002
   - Network:      http://172.18.0.1:4002

 ✓ Starting...
 ✓ Ready in 8.4s
 ○ Compiling / ...
 ✓ Compiled / in 8.6s (1111 modules)
 GET / 200 in 10077ms
 ✓ Compiled in 2.1s (449 modules)
 ✓ Compiled in 188ms (435 modules)
 ○ Compiling /image-to-video ...
 ✓ Compiled /image-to-video in 2.1s (1116 modules)
 GET /image-to-video 200 in 3163ms
 ✓ Compiled / in 339ms (676 modules)
 GET / 200 in 484ms
 ○ Compiling /settings ...
 ✓ Compiled /settings in 1233ms (1139 modules)
 GET /settings 200 in 1484ms
 ○ Compiling /generate-image ...
 ✓ Compiled /generate-image in 2.4s (1205 modules)
 GET /generate-image 200 in 2583ms
 ○ Compiling /image-to-image ...
 ✓ Compiled /image-to-image in 1449ms (1226 modules)
 GET /image-to-image 200 in 1658ms
 ○ Compiling /text-to-video ...
 ✓ Compiled /text-to-video in 1419ms (1235 modules)
 GET /text-to-video 200 in 1621ms
 GET /image-to-video 200 in 93ms
 ○ Compiling /history ...
 ✓ Compiled /history in 2s (1252 modules)
 GET /history 200 in 2326ms
 ○ Compiling /models ...
 ✓ Compiled /models in 1946ms (1265 modules)
 GET /models 200 in 2168ms
 GET /models 200 in 1131ms
 ✓ Compiled in 3.5s (1233 modules)
 ✓ Compiled in 1912ms (1219 modules)
 ✓ Compiled in 1140ms (526 modules)
 ✓ Compiled in 694ms (526 modules)
 ✓ Compiled in 706ms (526 modules)
 ✓ Compiled in 855ms (526 modules)
 ✓ Compiled in 2.2s (1233 modules)
 ✓ Compiled in 2.9s (1233 modules)
 ✓ Compiled in 2.6s (1233 modules)
 ✓ Compiled in 4.5s (1233 modules)
 ✓ Compiled in 5.3s (1236 modules)
 ✓ Compiled in 562ms (515 modules)
 ✓ Compiled in 806ms (518 modules)
 ✓ Compiled in 1009ms (518 modules)
 ✓ Compiled in 3.3s (1230 modules)
 ✓ Compiled in 5.5s (1230 modules)
 ✓ Compiled in 2.3s (1230 modules)
 ✓ Compiled in 2.4s (1230 modules)
 ✓ Compiled in 1804ms (1216 modules)
 ✓ Compiled in 2.4s (1230 modules)
 ✓ Compiled in 1325ms (1230 modules)
 ✓ Compiled in 3.8s (1230 modules)
 ✓ Compiled in 955ms (518 modules)
[?25h
